<?xml version="1.0" encoding="UTF-8"?>
<!-- Generated by org.testng.reporters.JUnitReportReporter -->
<testsuite hostname="Sandeep" failures="0" tests="1" name="dropdownPracice.FrameExample" time="8.340" errors="0" timestamp="2024-02-23T16:00:15 IST" skipped="0">
  <testcase classname="dropdownPracice.FrameExample" name="demo" time="8.340"/>
</testsuite> <!-- dropdownPracice.FrameExample -->
